<?xml version="1.0" encoding="UTF-8"?>
<testng-results skipped="0" failed="0" ignored="0" total="1" passed="1">
  <reporter-output>
  </reporter-output>
  <suite name="Suite" duration-ms="23657" started-at="2019-11-26T06:30:08Z" finished-at="2019-11-26T06:30:32Z">
    <groups>
    </groups>
    <test name="Test" duration-ms="23657" started-at="2019-11-26T06:30:08Z" finished-at="2019-11-26T06:30:32Z">
      <class name="com.epam.tests.CreateNewCustomer_002">
        <test-method status="PASS" signature="init(java.lang.String)[pri:0, instance:com.epam.tests.CreateNewCustomer_002@239963d8]" name="init" is-config="true" duration-ms="7872" started-at="2019-11-26T06:30:08Z" finished-at="2019-11-26T06:30:16Z">
          <params>
            <param index="0">
              <value>
                <![CDATA[chrome]]>
              </value>
            </param>
          </params>
          <reporter-output>
          </reporter-output>
        </test-method> <!-- init -->
        <test-method status="PASS" signature="registerNewCustomer(java.lang.String, java.lang.String, java.lang.String, java.lang.String, java.lang.String, java.lang.String, java.lang.String, java.lang.String, java.lang.String, java.lang.String, java.lang.String, java.lang.String)[pri:0, instance:com.epam.tests.CreateNewCustomer_002@239963d8]" name="registerNewCustomer" duration-ms="15014" started-at="2019-11-26T06:30:17Z" data-provider="CustomerData" finished-at="2019-11-26T06:30:32Z">
          <params>
            <param index="0">
              <value>
                <![CDATA[fffff]]>
              </value>
            </param>
            <param index="1">
              <value>
                <![CDATA[male]]>
              </value>
            </param>
            <param index="2">
              <value>
                <![CDATA[12]]>
              </value>
            </param>
            <param index="3">
              <value>
                <![CDATA[25]]>
              </value>
            </param>
            <param index="4">
              <value>
                <![CDATA[2005]]>
              </value>
            </param>
            <param index="5">
              <value>
                <![CDATA[Pragathi Residency]]>
              </value>
            </param>
            <param index="6">
              <value>
                <![CDATA[Hyderabad]]>
              </value>
            </param>
            <param index="7">
              <value>
                <![CDATA[Telangana]]>
              </value>
            </param>
            <param index="8">
              <value>
                <![CDATA[500049]]>
              </value>
            </param>
            <param index="9">
              <value>
                <![CDATA[6599842449]]>
              </value>
            </param>
            <param index="10">
              <value>
                <![CDATA[rvinod14@gmail.com]]>
              </value>
            </param>
            <param index="11">
              <value>
                <![CDATA[Test1234]]>
              </value>
            </param>
          </params>
          <reporter-output>
          </reporter-output>
        </test-method> <!-- registerNewCustomer -->
        <test-method status="PASS" signature="tearDown()[pri:0, instance:com.epam.tests.CreateNewCustomer_002@239963d8]" name="tearDown" is-config="true" duration-ms="103" started-at="2019-11-26T06:30:32Z" finished-at="2019-11-26T06:30:32Z">
          <reporter-output>
          </reporter-output>
        </test-method> <!-- tearDown -->
      </class> <!-- com.epam.tests.CreateNewCustomer_002 -->
    </test> <!-- Test -->
  </suite> <!-- Suite -->
</testng-results>
